2018-06-09 15:56:43 DEBUG cache:45 - Couldn't find template in cache for "systemTestNew.ftl"("en_US", Cp1252, parsed); will try to load it.
2018-06-09 15:56:43 DEBUG cache:45 - TemplateLoader.findTemplateSource("systemTestNew_en_US.ftl"): Not found
2018-06-09 15:56:43 DEBUG cache:45 - TemplateLoader.findTemplateSource("systemTestNew_en.ftl"): Not found
2018-06-09 15:56:43 DEBUG cache:45 - TemplateLoader.findTemplateSource("systemTestNew.ftl"): Found
2018-06-09 15:56:43 DEBUG cache:45 - Loading template for "systemTestNew.ftl"("en_US", Cp1252, parsed) from "C:\\Users\\abbas\\eclipse-workspace\\.metadata\\.plugins\\org.eclipse.wst.server.core\\tmp0\\wtpwebapps\\DiscoverOntology\\WEB-INF\\templates\\systemTestNew.ftl"
2018-06-09 15:56:51 DEBUG SystemTestNew:93 - debug: Saving started
2018-06-09 15:56:51 INFO  SystemTestNew:97 - info: Saving started
2018-06-09 15:56:51 WARN  SystemTestNew:100 - warn: Saving started
2018-06-09 15:56:51 ERROR SystemTestNew:101 - error: Saving started
2018-06-09 15:56:51 FATAL SystemTestNew:102 - fatal: Saving started
2018-06-09 15:58:14 DEBUG cache:45 - TemplateLoader.findTemplateSource("systemTestNew_en_US.ftl"): Not found
2018-06-09 15:58:14 DEBUG cache:45 - TemplateLoader.findTemplateSource("systemTestNew_en.ftl"): Not found
2018-06-09 15:58:14 DEBUG cache:45 - TemplateLoader.findTemplateSource("systemTestNew.ftl"): Found
2018-06-09 15:58:14 DEBUG cache:45 - "systemTestNew.ftl"("en_US", Cp1252, parsed): using cached since C:\Users\abbas\eclipse-workspace\.metadata\.plugins\org.eclipse.wst.server.core\tmp0\wtpwebapps\DiscoverOntology\WEB-INF\templates\systemTestNew.ftl hasn't changed.
2018-06-09 15:58:16 DEBUG SystemTestNew:93 - debug: Saving started
2018-06-09 15:58:16 INFO  SystemTestNew:97 - info: Saving started
2018-06-09 15:58:16 WARN  SystemTestNew:100 - warn: Saving started
2018-06-09 15:58:16 ERROR SystemTestNew:101 - error: Saving started
2018-06-09 15:58:16 FATAL SystemTestNew:102 - fatal: Saving started
2018-06-09 15:58:52 DEBUG cache:45 - TemplateLoader.findTemplateSource("systemTestNew_en_US.ftl"): Not found
2018-06-09 15:58:52 DEBUG cache:45 - TemplateLoader.findTemplateSource("systemTestNew_en.ftl"): Not found
2018-06-09 15:58:52 DEBUG cache:45 - TemplateLoader.findTemplateSource("systemTestNew.ftl"): Found
2018-06-09 15:58:52 DEBUG cache:45 - "systemTestNew.ftl"("en_US", Cp1252, parsed): using cached since C:\Users\abbas\eclipse-workspace\.metadata\.plugins\org.eclipse.wst.server.core\tmp0\wtpwebapps\DiscoverOntology\WEB-INF\templates\systemTestNew.ftl hasn't changed.
2018-06-09 15:58:53 DEBUG SystemTestNew:93 - debug: Saving started
2018-06-09 15:58:53 INFO  SystemTestNew:97 - info: Saving started
2018-06-09 15:58:53 WARN  SystemTestNew:100 - warn: Saving started
2018-06-09 15:58:53 ERROR SystemTestNew:101 - error: Saving started
2018-06-09 15:58:53 FATAL SystemTestNew:102 - fatal: Saving started
2018-06-09 16:21:01 DEBUG cache:45 - TemplateLoader.findTemplateSource("systemTestNew_en_US.ftl"): Not found
2018-06-09 16:21:01 DEBUG cache:45 - TemplateLoader.findTemplateSource("systemTestNew_en.ftl"): Not found
2018-06-09 16:21:01 DEBUG cache:45 - TemplateLoader.findTemplateSource("systemTestNew.ftl"): Found
2018-06-09 16:21:01 DEBUG cache:45 - "systemTestNew.ftl"("en_US", Cp1252, parsed): using cached since C:\Users\abbas\eclipse-workspace\.metadata\.plugins\org.eclipse.wst.server.core\tmp0\wtpwebapps\DiscoverOntology\WEB-INF\templates\systemTestNew.ftl hasn't changed.
2018-06-09 16:21:03 DEBUG cache:45 - Couldn't find template in cache for "systemTestList.ftl"("en_US", Cp1252, parsed); will try to load it.
2018-06-09 16:21:03 DEBUG cache:45 - TemplateLoader.findTemplateSource("systemTestList_en_US.ftl"): Not found
2018-06-09 16:21:03 DEBUG cache:45 - TemplateLoader.findTemplateSource("systemTestList_en.ftl"): Not found
2018-06-09 16:21:03 DEBUG cache:45 - TemplateLoader.findTemplateSource("systemTestList.ftl"): Found
2018-06-09 16:21:03 DEBUG cache:45 - Loading template for "systemTestList.ftl"("en_US", Cp1252, parsed) from "C:\\Users\\abbas\\eclipse-workspace\\.metadata\\.plugins\\org.eclipse.wst.server.core\\tmp0\\wtpwebapps\\DiscoverOntology\\WEB-INF\\templates\\systemTestList.ftl"
2018-06-09 16:21:05 DEBUG cache:45 - "systemTestNew.ftl"("en_US", Cp1252, parsed) cached copy not yet stale; using cached.
2018-06-09 16:23:28 INFO  SystemTestNew:97 - info: Saving started
2018-06-09 16:23:28 WARN  SystemTestNew:100 - warn: Saving started
2018-06-09 16:23:28 ERROR SystemTestNew:101 - error: Saving started
2018-06-09 16:23:28 FATAL SystemTestNew:102 - fatal: Saving started
2018-06-09 16:25:10 INFO  SystemTestNew:97 - info: Saving started
2018-06-09 16:25:10 WARN  SystemTestNew:100 - warn: Saving started
2018-06-09 16:25:10 ERROR SystemTestNew:101 - error: Saving started
2018-06-09 16:25:10 FATAL SystemTestNew:102 - fatal: Saving started
2018-06-16 13:29:06 ERROR MySQLConnection:32 - MySQLConnection: sqlException error - Connection error
2018-06-16 13:30:09 ERROR MySQLConnection:33 - MySQLConnection: sqlException error - Connection error
2018-06-16 21:03:09 INFO  SystemTestNew:67 - SystemTestService.listAll :  system_tests retrieved.
2018-06-16 21:03:17 INFO  SystemTestNew:67 - SystemTestService.listAll :  system_tests retrieved.
2018-06-16 21:03:27 INFO  SystemTestNew:67 - SystemTestService.listAll :  system_tests retrieved.
2018-06-16 21:05:26 INFO  SystemTestNew:67 - SystemTestService.listAll :  system_tests retrieved.
2018-06-16 21:07:12 INFO  SystemTestNew:32 - SystemTestService.add : new system_test commited.
2018-06-16 21:07:16 INFO  SystemTestNew:67 - SystemTestService.listAll :  system_tests retrieved.
2018-06-16 21:08:45 INFO  SystemTestNew:67 - SystemTestService.listAll :  system_tests retrieved.
2018-06-16 21:08:47 INFO  SystemTestNew:67 - SystemTestService.listAll :  system_tests retrieved.
2018-06-16 21:08:49 INFO  SystemTestNew:67 - SystemTestService.listAll :  system_tests retrieved.
2018-06-16 21:09:03 INFO  SystemTestNew:67 - SystemTestService.listAll :  system_tests retrieved.
2018-06-16 21:09:26 INFO  SystemTestNew:67 - SystemTestService.listAll :  system_tests retrieved.
2018-06-16 21:25:16 INFO  SystemTestNew:67 - SystemTestService.listAll :  system_tests retrieved.
2018-06-16 21:40:03 INFO  SystemTestNew:32 - SystemTestService.add : new system_test commited.
2018-06-16 21:42:36 INFO  SystemTestNew:32 - SystemTestService.add : new system_test commited.
2018-06-16 21:43:22 INFO  SystemTestNew:32 - SystemTestService.add : new system_test commited.
2018-06-16 21:43:22 INFO  SystemTestNew:67 - SystemTestService.listAll :  system_tests retrieved.
2018-06-17 12:20:52 INFO  SystemTestNew:67 - SystemTestService.listAll :  system_tests retrieved.
2018-06-17 12:21:01 INFO  SystemTestNew:67 - SystemTestService.listAll :  system_tests retrieved.
2018-06-17 12:23:53 INFO  SystemTestNew:67 - SystemTestService.listAll :  system_tests retrieved.
2018-06-17 13:19:48 INFO  SystemTestNew:67 - SystemTestService.listAll :  system_tests retrieved.
2018-06-17 13:19:50 INFO  SystemTestNew:34 - SuiteTestService.listAll :  suite_tests retrieved.
2018-06-17 16:52:09 INFO  SystemTestNew:67 - SystemTestService.listAll :  system_tests retrieved.
2018-06-17 16:52:55 INFO  UnitTestService:35 - UnitTestService.listAll :  unit_tests retrieved.
2018-06-17 16:52:55 ERROR runtime:60 - Error executing FreeMarker template
FreeMarker template error:
The following has evaluated to null or missing:
==> unitTests  [in template "unitTestList.ftl" at line 43, column 32]

----
Tip: If the failing expression is known to be legally refer to something that's sometimes null or missing, either specify a default value like myOptionalVar!myDefault, or use <#if myOptionalVar??>when-present<#else>when-missing</#if>. (These only cover the last step of the expression; to cover the whole expression, use parenthesis: (myOptionalVar.foo)!myDefault, (myOptionalVar.foo)??
----

----
FTL stack trace ("~" means nesting-related):
	- Failed at: #list-#else-container  [in template "unitTestList.ftl" at line 43, column 25]
----

Java stack trace (for programmers):
----
freemarker.core.InvalidReferenceException: [... Exception message was already printed; see it above ...]
	at freemarker.core.InvalidReferenceException.getInstance(InvalidReferenceException.java:131)
	at freemarker.core.Expression.assertNonNull(Expression.java:194)
	at freemarker.core.IteratorBlock.acceptWithResult(IteratorBlock.java:74)
	at freemarker.core.ListElseContainer.accept(ListElseContainer.java:36)
	at freemarker.core.Environment.visit(Environment.java:324)
	at freemarker.core.MixedContent.accept(MixedContent.java:54)
	at freemarker.core.Environment.visit(Environment.java:324)
	at freemarker.core.Environment.process(Environment.java:302)
	at freemarker.template.Template.process(Template.java:325)
	at edu.uga.discoverontology.presentation.UnitTestList.loadPage(UnitTestList.java:90)
	at edu.uga.discoverontology.presentation.UnitTestList.doGet(UnitTestList.java:47)
	at javax.servlet.http.HttpServlet.service(HttpServlet.java:624)
	at javax.servlet.http.HttpServlet.service(HttpServlet.java:731)
	at org.apache.catalina.core.ApplicationFilterChain.internalDoFilter(ApplicationFilterChain.java:303)
	at org.apache.catalina.core.ApplicationFilterChain.doFilter(ApplicationFilterChain.java:208)
	at org.apache.tomcat.websocket.server.WsFilter.doFilter(WsFilter.java:52)
	at org.apache.catalina.core.ApplicationFilterChain.internalDoFilter(ApplicationFilterChain.java:241)
	at org.apache.catalina.core.ApplicationFilterChain.doFilter(ApplicationFilterChain.java:208)
	at org.apache.catalina.core.StandardWrapperValve.invoke(StandardWrapperValve.java:219)
	at org.apache.catalina.core.StandardContextValve.invoke(StandardContextValve.java:110)
	at org.apache.catalina.authenticator.AuthenticatorBase.invoke(AuthenticatorBase.java:498)
	at org.apache.catalina.core.StandardHostValve.invoke(StandardHostValve.java:169)
	at org.apache.catalina.valves.ErrorReportValve.invoke(ErrorReportValve.java:103)
	at org.apache.catalina.valves.AccessLogValve.invoke(AccessLogValve.java:1025)
	at org.apache.catalina.core.StandardEngineValve.invoke(StandardEngineValve.java:116)
	at org.apache.catalina.connector.CoyoteAdapter.service(CoyoteAdapter.java:445)
	at org.apache.coyote.http11.AbstractHttp11Processor.process(AbstractHttp11Processor.java:1139)
	at org.apache.coyote.AbstractProtocol$AbstractConnectionHandler.process(AbstractProtocol.java:637)
	at org.apache.tomcat.util.net.JIoEndpoint$SocketProcessor.run(JIoEndpoint.java:316)
	at java.util.concurrent.ThreadPoolExecutor.runWorker(ThreadPoolExecutor.java:1149)
	at java.util.concurrent.ThreadPoolExecutor$Worker.run(ThreadPoolExecutor.java:624)
	at org.apache.tomcat.util.threads.TaskThread$WrappingRunnable.run(TaskThread.java:61)
	at java.lang.Thread.run(Thread.java:748)
2018-06-17 16:53:19 INFO  UnitTestService:35 - UnitTestService.listAll :  unit_tests retrieved.
2018-06-17 16:53:19 ERROR runtime:60 - Error executing FreeMarker template
FreeMarker template error:
The following has evaluated to null or missing:
==> unitTests  [in template "unitTestList.ftl" at line 43, column 32]

----
Tip: If the failing expression is known to be legally refer to something that's sometimes null or missing, either specify a default value like myOptionalVar!myDefault, or use <#if myOptionalVar??>when-present<#else>when-missing</#if>. (These only cover the last step of the expression; to cover the whole expression, use parenthesis: (myOptionalVar.foo)!myDefault, (myOptionalVar.foo)??
----

----
FTL stack trace ("~" means nesting-related):
	- Failed at: #list-#else-container  [in template "unitTestList.ftl" at line 43, column 25]
----

Java stack trace (for programmers):
----
freemarker.core.InvalidReferenceException: [... Exception message was already printed; see it above ...]
	at freemarker.core.InvalidReferenceException.getInstance(InvalidReferenceException.java:131)
	at freemarker.core.Expression.assertNonNull(Expression.java:194)
	at freemarker.core.IteratorBlock.acceptWithResult(IteratorBlock.java:74)
	at freemarker.core.ListElseContainer.accept(ListElseContainer.java:36)
	at freemarker.core.Environment.visit(Environment.java:324)
	at freemarker.core.MixedContent.accept(MixedContent.java:54)
	at freemarker.core.Environment.visit(Environment.java:324)
	at freemarker.core.Environment.process(Environment.java:302)
	at freemarker.template.Template.process(Template.java:325)
	at edu.uga.discoverontology.presentation.UnitTestList.loadPage(UnitTestList.java:90)
	at edu.uga.discoverontology.presentation.UnitTestList.doGet(UnitTestList.java:47)
	at javax.servlet.http.HttpServlet.service(HttpServlet.java:624)
	at javax.servlet.http.HttpServlet.service(HttpServlet.java:731)
	at org.apache.catalina.core.ApplicationFilterChain.internalDoFilter(ApplicationFilterChain.java:303)
	at org.apache.catalina.core.ApplicationFilterChain.doFilter(ApplicationFilterChain.java:208)
	at org.apache.tomcat.websocket.server.WsFilter.doFilter(WsFilter.java:52)
	at org.apache.catalina.core.ApplicationFilterChain.internalDoFilter(ApplicationFilterChain.java:241)
	at org.apache.catalina.core.ApplicationFilterChain.doFilter(ApplicationFilterChain.java:208)
	at org.apache.catalina.core.StandardWrapperValve.invoke(StandardWrapperValve.java:219)
	at org.apache.catalina.core.StandardContextValve.invoke(StandardContextValve.java:110)
	at org.apache.catalina.authenticator.AuthenticatorBase.invoke(AuthenticatorBase.java:498)
	at org.apache.catalina.core.StandardHostValve.invoke(StandardHostValve.java:169)
	at org.apache.catalina.valves.ErrorReportValve.invoke(ErrorReportValve.java:103)
	at org.apache.catalina.valves.AccessLogValve.invoke(AccessLogValve.java:1025)
	at org.apache.catalina.core.StandardEngineValve.invoke(StandardEngineValve.java:116)
	at org.apache.catalina.connector.CoyoteAdapter.service(CoyoteAdapter.java:445)
	at org.apache.coyote.http11.AbstractHttp11Processor.process(AbstractHttp11Processor.java:1139)
	at org.apache.coyote.AbstractProtocol$AbstractConnectionHandler.process(AbstractProtocol.java:637)
	at org.apache.tomcat.util.net.JIoEndpoint$SocketProcessor.run(JIoEndpoint.java:316)
	at java.util.concurrent.ThreadPoolExecutor.runWorker(ThreadPoolExecutor.java:1149)
	at java.util.concurrent.ThreadPoolExecutor$Worker.run(ThreadPoolExecutor.java:624)
	at org.apache.tomcat.util.threads.TaskThread$WrappingRunnable.run(TaskThread.java:61)
	at java.lang.Thread.run(Thread.java:748)
2018-06-17 16:54:24 INFO  UnitTestService:35 - UnitTestService.listAll :  unit_tests retrieved.
2018-06-17 16:54:24 ERROR runtime:60 - Error executing FreeMarker template
FreeMarker template error:
The following has evaluated to null or missing:
==> unitTests  [in template "unitTestList.ftl" at line 43, column 32]

----
Tip: If the failing expression is known to be legally refer to something that's sometimes null or missing, either specify a default value like myOptionalVar!myDefault, or use <#if myOptionalVar??>when-present<#else>when-missing</#if>. (These only cover the last step of the expression; to cover the whole expression, use parenthesis: (myOptionalVar.foo)!myDefault, (myOptionalVar.foo)??
----

----
FTL stack trace ("~" means nesting-related):
	- Failed at: #list-#else-container  [in template "unitTestList.ftl" at line 43, column 25]
----

Java stack trace (for programmers):
----
freemarker.core.InvalidReferenceException: [... Exception message was already printed; see it above ...]
	at freemarker.core.InvalidReferenceException.getInstance(InvalidReferenceException.java:131)
	at freemarker.core.Expression.assertNonNull(Expression.java:194)
	at freemarker.core.IteratorBlock.acceptWithResult(IteratorBlock.java:74)
	at freemarker.core.ListElseContainer.accept(ListElseContainer.java:36)
	at freemarker.core.Environment.visit(Environment.java:324)
	at freemarker.core.MixedContent.accept(MixedContent.java:54)
	at freemarker.core.Environment.visit(Environment.java:324)
	at freemarker.core.Environment.process(Environment.java:302)
	at freemarker.template.Template.process(Template.java:325)
	at edu.uga.discoverontology.presentation.UnitTestList.loadPage(UnitTestList.java:90)
	at edu.uga.discoverontology.presentation.UnitTestList.doGet(UnitTestList.java:47)
	at javax.servlet.http.HttpServlet.service(HttpServlet.java:624)
	at javax.servlet.http.HttpServlet.service(HttpServlet.java:731)
	at org.apache.catalina.core.ApplicationFilterChain.internalDoFilter(ApplicationFilterChain.java:303)
	at org.apache.catalina.core.ApplicationFilterChain.doFilter(ApplicationFilterChain.java:208)
	at org.apache.tomcat.websocket.server.WsFilter.doFilter(WsFilter.java:52)
	at org.apache.catalina.core.ApplicationFilterChain.internalDoFilter(ApplicationFilterChain.java:241)
	at org.apache.catalina.core.ApplicationFilterChain.doFilter(ApplicationFilterChain.java:208)
	at org.apache.catalina.core.StandardWrapperValve.invoke(StandardWrapperValve.java:219)
	at org.apache.catalina.core.StandardContextValve.invoke(StandardContextValve.java:110)
	at org.apache.catalina.authenticator.AuthenticatorBase.invoke(AuthenticatorBase.java:498)
	at org.apache.catalina.core.StandardHostValve.invoke(StandardHostValve.java:169)
	at org.apache.catalina.valves.ErrorReportValve.invoke(ErrorReportValve.java:103)
	at org.apache.catalina.valves.AccessLogValve.invoke(AccessLogValve.java:1025)
	at org.apache.catalina.core.StandardEngineValve.invoke(StandardEngineValve.java:116)
	at org.apache.catalina.connector.CoyoteAdapter.service(CoyoteAdapter.java:445)
	at org.apache.coyote.http11.AbstractHttp11Processor.process(AbstractHttp11Processor.java:1139)
	at org.apache.coyote.AbstractProtocol$AbstractConnectionHandler.process(AbstractProtocol.java:637)
	at org.apache.tomcat.util.net.JIoEndpoint$SocketProcessor.run(JIoEndpoint.java:316)
	at java.util.concurrent.ThreadPoolExecutor.runWorker(ThreadPoolExecutor.java:1149)
	at java.util.concurrent.ThreadPoolExecutor$Worker.run(ThreadPoolExecutor.java:624)
	at org.apache.tomcat.util.threads.TaskThread$WrappingRunnable.run(TaskThread.java:61)
	at java.lang.Thread.run(Thread.java:748)
2018-06-17 16:55:10 INFO  UnitTestService:35 - UnitTestService.listAll :  unit_tests retrieved.
2018-06-17 16:56:09 INFO  UnitTestService:35 - UnitTestService.listAll :  unit_tests retrieved.
2018-06-17 16:56:11 INFO  SystemTestNew:67 - SystemTestService.listAll :  system_tests retrieved.
2018-06-17 16:57:19 INFO  SystemTestNew:67 - SystemTestService.listAll :  system_tests retrieved.
2018-06-17 16:57:29 INFO  UnitTestService:35 - UnitTestService.listAll :  unit_tests retrieved.
2018-06-17 16:57:30 INFO  SystemTestNew:67 - SystemTestService.listAll :  system_tests retrieved.
2018-06-17 16:57:31 INFO  UnitTestService:35 - UnitTestService.listAll :  unit_tests retrieved.
2018-06-17 16:57:35 INFO  UnitTestService:35 - UnitTestService.listAll :  unit_tests retrieved.
2018-06-17 16:57:36 INFO  SystemTestNew:67 - SystemTestService.listAll :  system_tests retrieved.
2018-06-17 16:57:39 INFO  SystemTestNew:67 - SystemTestService.listAll :  system_tests retrieved.
2018-06-17 16:57:40 INFO  UnitTestService:35 - UnitTestService.listAll :  unit_tests retrieved.
2018-06-17 17:02:23 INFO  SystemTestNew:67 - SystemTestService.listAll :  system_tests retrieved.
2018-06-17 17:02:40 INFO  SystemTestNew:32 - SystemTestService.add : new system_test commited.
2018-06-17 17:02:40 INFO  SystemTestNew:67 - SystemTestService.listAll :  system_tests retrieved.
2018-06-17 17:02:43 INFO  UnitTestService:34 - UnitTestService.listAll :  unit_tests retrieved.
2018-06-17 17:18:33 INFO  SystemTestNew:67 - SystemTestService.listAll :  system_tests retrieved.
2018-06-17 17:18:34 INFO  UnitTestService:34 - UnitTestService.listAll :  unit_tests retrieved.
